2025-10-09 07:04:20 - root - INFO - Logging initialized at level INFO [logger.py:202]
2025-10-09 07:04:20 - src.scheduler.priority_manager - INFO - Priority manager initialized (fair_share=True, starvation_timeout=3600s) [priority_manager.py:85]
2025-10-09 07:04:20 - src.scheduler.job_queue - INFO - Job queue initialized [job_queue.py:296]
2025-10-09 07:04:22 - src.resources.gpu_manager - WARNING - Failed to initialize pynvml: NVML Shared Library Not Found [gpu_manager.py:78]
2025-10-09 07:04:22 - src.resources.gpu_manager - WARNING - No CUDA-capable GPUs detected [gpu_manager.py:94]
2025-10-09 07:04:22 - src.resources.health_checker - INFO - Health checker initialized with 60s interval [health_checker.py:82]
2025-10-09 21:40:46 - root - INFO - Logging initialized at level INFO [logger.py:202]
2025-10-09 21:40:46 - src.scheduler.priority_manager - INFO - Priority manager initialized (fair_share=True, starvation_timeout=3600s) [priority_manager.py:85]
2025-10-09 21:40:46 - src.scheduler.job_queue - INFO - Job queue initialized [job_queue.py:296]
2025-10-09 21:40:48 - src.resources.gpu_manager - WARNING - Failed to initialize pynvml: NVML Shared Library Not Found [gpu_manager.py:78]
2025-10-09 21:40:48 - src.resources.gpu_manager - WARNING - No CUDA-capable GPUs detected [gpu_manager.py:94]
2025-10-09 21:40:48 - src.resources.health_checker - INFO - Health checker initialized with 60s interval [health_checker.py:82]
2025-10-09 21:43:50 - root - INFO - Logging initialized at level INFO [logger.py:202]
2025-10-09 21:43:50 - src.scheduler.priority_manager - INFO - Priority manager initialized (fair_share=True, starvation_timeout=3600s) [priority_manager.py:85]
2025-10-09 21:43:50 - src.scheduler.job_queue - INFO - Job queue initialized [job_queue.py:296]
2025-10-09 21:43:52 - src.resources.gpu_manager - WARNING - Failed to initialize pynvml: NVML Shared Library Not Found [gpu_manager.py:78]
2025-10-09 21:43:52 - src.resources.gpu_manager - WARNING - No CUDA-capable GPUs detected [gpu_manager.py:94]
2025-10-09 21:43:52 - src.resources.health_checker - INFO - Health checker initialized with 60s interval [health_checker.py:82]
2025-10-09 18:52:33 - root - INFO - Logging initialized at level INFO [logger.py:202]
2025-10-09 18:52:33 - src.scheduler.priority_manager - INFO - Priority manager initialized (fair_share=True, starvation_timeout=3600s) [priority_manager.py:85]
2025-10-09 18:52:33 - src.scheduler.job_queue - INFO - Job queue initialized [job_queue.py:296]
2025-10-09 18:52:35 - src.resources.gpu_manager - WARNING - Failed to initialize pynvml: NVML Shared Library Not Found [gpu_manager.py:78]
2025-10-09 18:52:35 - src.resources.gpu_manager - WARNING - No CUDA-capable GPUs detected [gpu_manager.py:94]
2025-10-09 18:52:35 - src.resources.health_checker - INFO - Health checker initialized with 60s interval [health_checker.py:82]
