2025-10-08 23:24:53 - root - INFO - Logging initialized at level INFO [logger.py:202]
2025-10-08 23:25:06 - src.resources.gpu_manager - WARNING - No CUDA-capable GPUs detected [gpu_manager.py:94]
2025-10-08 23:25:13 - src.resources.health_checker - INFO - Health checker initialized with 60s interval [health_checker.py:82]
2025-10-08 23:25:31 - src.scheduler.priority_manager - INFO - Priority manager initialized (fair_share=True, starvation_timeout=3600s) [priority_manager.py:85]
2025-10-08 23:25:31 - src.scheduler.job_queue - INFO - Job queue initialized [job_queue.py:296]
2025-10-08 23:39:47 - matplotlib.text - WARNING - posx and posy should be finite values [text.py:760]
2025-10-08 23:39:47 - matplotlib.text - WARNING - posx and posy should be finite values [text.py:760]
2025-10-08 23:39:47 - matplotlib.text - WARNING - posx and posy should be finite values [text.py:760]
2025-10-08 23:39:47 - matplotlib.text - WARNING - posx and posy should be finite values [text.py:760]
2025-10-09 07:05:33 - root - INFO - Logging initialized at level INFO [logger.py:202]
2025-10-09 07:05:33 - src.resources.gpu_manager - WARNING - No CUDA-capable GPUs detected [gpu_manager.py:94]
2025-10-09 07:05:33 - src.resources.health_checker - INFO - Health checker initialized with 60s interval [health_checker.py:82]
2025-10-09 09:22:14 - root - INFO - Logging initialized at level INFO [logger.py:202]
2025-10-09 09:22:14 - src.resources.gpu_manager - WARNING - No CUDA-capable GPUs detected [gpu_manager.py:94]
2025-10-09 09:22:14 - src.resources.health_checker - INFO - Health checker initialized with 60s interval [health_checker.py:82]
2025-10-09 09:22:14 - src.scheduler.priority_manager - INFO - Priority manager initialized (fair_share=True, starvation_timeout=3600s) [priority_manager.py:85]
2025-10-09 09:22:14 - src.scheduler.job_queue - INFO - Job queue initialized [job_queue.py:296]
2025-10-09 20:40:04 - root - INFO - Logging initialized at level INFO [logger.py:202]
2025-10-09 20:40:08 - src.resources.gpu_manager - WARNING - No CUDA-capable GPUs detected [gpu_manager.py:94]
2025-10-09 20:46:35 - root - INFO - Logging initialized at level INFO [logger.py:202]
2025-10-09 20:47:08 - src.scheduler.priority_manager - INFO - Priority manager initialized (fair_share=True, starvation_timeout=3600s) [priority_manager.py:85]
2025-10-09 20:47:08 - src.scheduler.job_queue - INFO - Job queue initialized [job_queue.py:296]
2025-10-09 20:48:48 - src.scheduler.priority_manager - WARNING - Job low-priority-001 already in queue [priority_manager.py:116]
2025-10-09 20:48:48 - src.scheduler.job_queue - INFO - Submitted job low-priority-001 to queue 'low_priority' (priority=LOW) [job_queue.py:340]
2025-10-09 20:51:33 - src.scheduler.priority_manager - WARNING - Job low-priority-001 already in queue [priority_manager.py:116]
2025-10-09 20:51:33 - src.scheduler.job_queue - INFO - Submitted job low-priority-001 to queue 'low_priority' (priority=LOW) [job_queue.py:340]
2025-10-09 20:51:33 - src.scheduler.priority_manager - WARNING - Job medium-priority-001 already in queue [priority_manager.py:116]
2025-10-09 20:51:33 - src.scheduler.job_queue - INFO - Submitted job medium-priority-001 to queue 'default' (priority=MEDIUM) [job_queue.py:340]
2025-10-09 20:56:11 - src.scheduler.priority_manager - INFO - Cancelled job low-priority-001 [priority_manager.py:339]
2025-10-09 20:56:19 - src.scheduler.priority_manager - INFO - Set fair share quota for user premium-user: 2.0 [priority_manager.py:447]
2025-10-09 20:56:19 - src.scheduler.priority_manager - INFO - Set fair share quota for user research-team: 1.5 [priority_manager.py:447]
2025-10-09 20:56:19 - src.scheduler.priority_manager - INFO - Set fair share quota for user free-tier: 0.5 [priority_manager.py:447]
2025-10-09 20:59:42 - root - INFO - Logging initialized at level INFO [logger.py:202]
2025-10-09 20:59:50 - src.resources.gpu_manager - WARNING - Failed to initialize pynvml: NVML Shared Library Not Found [gpu_manager.py:78]
2025-10-09 20:59:50 - src.resources.gpu_manager - WARNING - No CUDA-capable GPUs detected [gpu_manager.py:94]
2025-10-09 20:59:50 - src.resources.health_checker - INFO - Health checker initialized with 60s interval [health_checker.py:82]
2025-10-09 20:59:50 - src.scheduler.priority_manager - INFO - Priority manager initialized (fair_share=True, starvation_timeout=3600s) [priority_manager.py:85]
2025-10-09 20:59:50 - src.monitoring.metrics - INFO - Metrics collector initialized [metrics.py:176]
2025-10-09 21:04:59 - src.scheduler.job_queue - INFO - Job queue initialized [job_queue.py:296]
2025-10-09 21:07:22 - __main__ - INFO - Job started [602018948.py:6]
2025-10-09 21:07:22 - __main__ - INFO - Job progress [602018948.py:16]
2025-10-09 21:07:22 - __main__ - INFO - Job completed [602018948.py:26]
2025-10-09 21:09:53 - root - INFO - Logging initialized at level INFO [logger.py:202]
2025-10-09 21:09:53 - src.resources.gpu_manager - WARNING - Failed to initialize pynvml: NVML Shared Library Not Found [gpu_manager.py:78]
2025-10-09 21:09:53 - src.resources.gpu_manager - WARNING - No CUDA-capable GPUs detected [gpu_manager.py:94]
2025-10-09 21:11:47 - src.scheduler.priority_manager - INFO - Priority manager initialized (fair_share=True, starvation_timeout=3600s) [priority_manager.py:85]
2025-10-09 21:11:47 - src.scheduler.job_queue - INFO - Job queue initialized [job_queue.py:296]
2025-10-09 21:17:02 - src.scheduler.priority_manager - WARNING - Job distributed-001 already in queue [priority_manager.py:116]
2025-10-09 21:17:02 - src.scheduler.job_queue - INFO - Submitted job distributed-001 to queue 'default' (priority=MEDIUM) [job_queue.py:340]
2025-10-09 21:21:15 - root - INFO - Logging initialized at level INFO [logger.py:202]
2025-10-09 21:21:38 - src.pipeline.checkpoint_manager - INFO - Checkpoint manager initialized: ./checkpoints/demo_job (max=3, best_only=False) [checkpoint_manager.py:52]
2025-10-09 21:23:24 - src.pipeline.checkpoint_manager - INFO - Checkpoint manager initialized: ./checkpoints/demo_job (max=3, best_only=False) [checkpoint_manager.py:52]
2025-10-09 21:24:30 - src.pipeline.checkpoint_manager - INFO - Saving checkpoint to checkpoints/demo_job/checkpoint_epoch1_step1000 [checkpoint_manager.py:96]
2025-10-09 21:24:30 - src.pipeline.checkpoint_manager - INFO - New best checkpoint: checkpoints/demo_job/checkpoint_epoch1_step1000 (metric=0.1890) [checkpoint_manager.py:134]
2025-10-09 21:24:30 - src.pipeline.checkpoint_manager - INFO - Checkpoint saved: checkpoints/demo_job/checkpoint_epoch1_step1000 [checkpoint_manager.py:139]
2025-10-09 21:25:15 - src.pipeline.checkpoint_manager - INFO - Saving checkpoint to checkpoints/demo_job/checkpoint_epoch2_step2000 [checkpoint_manager.py:96]
2025-10-09 21:25:15 - src.pipeline.checkpoint_manager - INFO - Checkpoint saved: checkpoints/demo_job/checkpoint_epoch2_step2000 [checkpoint_manager.py:139]
2025-10-09 21:25:15 - src.pipeline.checkpoint_manager - INFO - Saving checkpoint to checkpoints/demo_job/checkpoint_epoch3_step3000 [checkpoint_manager.py:96]
2025-10-09 21:25:15 - src.pipeline.checkpoint_manager - INFO - Checkpoint saved: checkpoints/demo_job/checkpoint_epoch3_step3000 [checkpoint_manager.py:139]
2025-10-09 21:25:15 - src.pipeline.checkpoint_manager - INFO - Saving checkpoint to checkpoints/demo_job/checkpoint_epoch4_step4000 [checkpoint_manager.py:96]
2025-10-09 21:25:15 - src.pipeline.checkpoint_manager - INFO - Checkpoint saved: checkpoints/demo_job/checkpoint_epoch4_step4000 [checkpoint_manager.py:139]
2025-10-09 21:25:15 - src.pipeline.checkpoint_manager - INFO - Saving checkpoint to checkpoints/demo_job/checkpoint_epoch5_step5000 [checkpoint_manager.py:96]
2025-10-09 21:25:15 - src.pipeline.checkpoint_manager - INFO - Removed old checkpoint: checkpoints/demo_job/checkpoint_epoch2_step2000 [checkpoint_manager.py:257]
2025-10-09 21:25:16 - src.pipeline.checkpoint_manager - INFO - Checkpoint saved: checkpoints/demo_job/checkpoint_epoch5_step5000 [checkpoint_manager.py:139]
2025-10-09 21:26:32 - src.pipeline.checkpoint_manager - INFO - Loading checkpoint from checkpoints/demo_job/checkpoint_epoch5_step5000 [checkpoint_manager.py:186]
2025-10-09 21:26:32 - src.pipeline.checkpoint_manager - INFO - Checkpoint loaded: epoch=5, step=5000 [checkpoint_manager.py:212]
2025-10-09 21:27:36 - src.pipeline.checkpoint_manager - INFO - Loading checkpoint from checkpoints/demo_job/checkpoint_epoch5_step5000 [checkpoint_manager.py:186]
2025-10-09 21:27:36 - src.pipeline.checkpoint_manager - INFO - Checkpoint loaded: epoch=5, step=5000 [checkpoint_manager.py:212]
2025-10-09 21:30:18 - src.pipeline.checkpoint_manager - INFO - Checkpoint manager initialized: ./checkpoints/demo_job (max=3, best_only=False) [checkpoint_manager.py:52]
2025-10-09 21:34:03 - root - INFO - Logging initialized at level INFO [logger.py:202]
